<?xml version="1.0" encoding="UTF-8"?>
<!-- Generated by org.testng.reporters.JUnitXMLReporter -->
<testsuite hostname="Naumans-PC" ignored="0" name="Regression Test" tests="5" failures="0" timestamp="2022-12-13T21:42:10 GMT" time="39.135" errors="0">
  <testcase name="bankManagerShouldAddCustomerSuccessfully" time="1.122" classname="com.bank.testsuite.BankTest"/>
  <testcase name="bankManagerShouldOpenAccountSuccessfully" time="7.423" classname="com.bank.testsuite.BankTest"/>
  <testcase name="customerShouldDepositMoneySuccessfully" time="2.306" classname="com.bank.testsuite.BankTest"/>
  <testcase name="customerShouldLoginAndLogoutSuccessfully" time="3.424" classname="com.bank.testsuite.BankTest"/>
  <testcase name="customerShouldWithdrawMoneySuccessfully" time="8.566" classname="com.bank.testsuite.BankTest"/>
</testsuite> <!-- Regression Test -->
