<?xml version="1.0" encoding="UTF-8"?>
<testng-results skipped="0" failed="0" ignored="0" total="5" passed="5">
  <reporter-output>
    <line>
      <![CDATA[The home page options are [[[ChromeDriver: chrome on WINDOWS (13e7d84d7600df7892659dca1d7c66b7)] -> xpath: //div[@class='borderM box padT20']//button], [[ChromeDriver: chrome on WINDOWS (13e7d84d7600df7892659dca1d7c66b7)] -> xpath: //div[@class='borderM box padT20']//button]]]]>
    </line>
    <line>
      <![CDATA[The Bank manager options are [[[ChromeDriver: chrome on WINDOWS (13e7d84d7600df7892659dca1d7c66b7)] -> xpath: //div[@class='center']//button[@class='btn btn-lg tab']], [[ChromeDriver: chrome on WINDOWS (13e7d84d7600df7892659dca1d7c66b7)] -> xpath: //div[@class='center']//button[@class='btn btn-lg tab']], [[ChromeDriver: chrome on WINDOWS (13e7d84d7600df7892659dca1d7c66b7)] -> xpath: //div[@class='center']//button[@class='btn btn-lg tab']]]]]>
    </line>
    <line>
      <![CDATA[Enter First Name  Shaun[[ChromeDriver: chrome on WINDOWS (13e7d84d7600df7892659dca1d7c66b7)] -> xpath: //input[@placeholder='First Name']]]]>
    </line>
    <line>
      <![CDATA[Enter Last Name  Dead[[ChromeDriver: chrome on WINDOWS (13e7d84d7600df7892659dca1d7c66b7)] -> xpath: //input[@placeholder='Last Name']]]]>
    </line>
    <line>
      <![CDATA[Enter Postcode  BB1 [[ChromeDriver: chrome on WINDOWS (13e7d84d7600df7892659dca1d7c66b7)] -> xpath: //input[@placeholder='Post Code']]]]>
    </line>
    <line>
      <![CDATA[Click on Add Customer Button [[ChromeDriver: chrome on WINDOWS (13e7d84d7600df7892659dca1d7c66b7)] -> xpath: //button[@class='btn btn-default']]]]>
    </line>
    <line>
      <![CDATA[Click to see screenshot]]>
    </line>
    <line>
      <![CDATA[<a target = "_blank" href=C:\Users\nik_7\IdeaProjects\project5-xyzbank-pagefactory-nauman/test-output/html/bankManagerShouldAddCustomerSuccessfullyTue_Dec_13_21_41_35_GMT_2022.jpg>Screenshot</a>]]>
    </line>
    <line>
      <![CDATA[<br>]]>
    </line>
    <line>
      <![CDATA[<br>]]>
    </line>
    <line>
      <![CDATA[<a target = "_blank" href=C:\Users\nik_7\IdeaProjects\project5-xyzbank-pagefactory-nauman/test-output/html/bankManagerShouldAddCustomerSuccessfullyTue_Dec_13_21_41_35_GMT_2022.jpg><img src=C:\Users\nik_7\IdeaProjects\project5-xyzbank-pagefactory-nauman/test-output/html/bankManagerShouldAddCustomerSuccessfullyTue_Dec_13_21_41_35_GMT_2022.jpg height=200 width=200></img></a>]]>
    </line>
    <line>
      <![CDATA[The home page options are [[[ChromeDriver: chrome on WINDOWS (0f93466f161bed73135ead2bc805bcb1)] -> xpath: //div[@class='borderM box padT20']//button], [[ChromeDriver: chrome on WINDOWS (0f93466f161bed73135ead2bc805bcb1)] -> xpath: //div[@class='borderM box padT20']//button]]]]>
    </line>
    <line>
      <![CDATA[The Bank manager options are [[[ChromeDriver: chrome on WINDOWS (0f93466f161bed73135ead2bc805bcb1)] -> xpath: //div[@class='center']//button[@class='btn btn-lg tab']], [[ChromeDriver: chrome on WINDOWS (0f93466f161bed73135ead2bc805bcb1)] -> xpath: //div[@class='center']//button[@class='btn btn-lg tab']], [[ChromeDriver: chrome on WINDOWS (0f93466f161bed73135ead2bc805bcb1)] -> xpath: //div[@class='center']//button[@class='btn btn-lg tab']]]]]>
    </line>
    <line>
      <![CDATA[Enter First Name  Prime[[ChromeDriver: chrome on WINDOWS (0f93466f161bed73135ead2bc805bcb1)] -> xpath: //input[@placeholder='First Name']]]]>
    </line>
    <line>
      <![CDATA[Enter Last Name  Testing[[ChromeDriver: chrome on WINDOWS (0f93466f161bed73135ead2bc805bcb1)] -> xpath: //input[@placeholder='Last Name']]]]>
    </line>
    <line>
      <![CDATA[Enter Postcode  BB1 [[ChromeDriver: chrome on WINDOWS (0f93466f161bed73135ead2bc805bcb1)] -> xpath: //input[@placeholder='Post Code']]]]>
    </line>
    <line>
      <![CDATA[Click on Add Customer Button [[ChromeDriver: chrome on WINDOWS (0f93466f161bed73135ead2bc805bcb1)] -> xpath: //button[@class='btn btn-default']]]]>
    </line>
    <line>
      <![CDATA[The Bank manager options are [[[ChromeDriver: chrome on WINDOWS (0f93466f161bed73135ead2bc805bcb1)] -> xpath: //div[@class='center']//button[@class='btn btn-lg tab']], [[ChromeDriver: chrome on WINDOWS (0f93466f161bed73135ead2bc805bcb1)] -> xpath: //div[@class='center']//button[@class='btn btn-lg tab']], [[ChromeDriver: chrome on WINDOWS (0f93466f161bed73135ead2bc805bcb1)] -> xpath: //div[@class='center']//button[@class='btn btn-lg tab']]]]]>
    </line>
    <line>
      <![CDATA[Select Your Name [[ChromeDriver: chrome on WINDOWS (0f93466f161bed73135ead2bc805bcb1)] -> xpath: //select[@id='userSelect']]]]>
    </line>
    <line>
      <![CDATA[Select currency [[[ChromeDriver: chrome on WINDOWS (0f93466f161bed73135ead2bc805bcb1)] -> xpath: //select[@id='currency']//option[@value]], [[ChromeDriver: chrome on WINDOWS (0f93466f161bed73135ead2bc805bcb1)] -> xpath: //select[@id='currency']//option[@value]], [[ChromeDriver: chrome on WINDOWS (0f93466f161bed73135ead2bc805bcb1)] -> xpath: //select[@id='currency']//option[@value]], [[ChromeDriver: chrome on WINDOWS (0f93466f161bed73135ead2bc805bcb1)] -> xpath: //select[@id='currency']//option[@value]]]]]>
    </line>
    <line>
      <![CDATA[Click on Process Button [[ChromeDriver: chrome on WINDOWS (0f93466f161bed73135ead2bc805bcb1)] -> xpath: //button[contains(text(),'Process')]]]]>
    </line>
    <line>
      <![CDATA[Click to see screenshot]]>
    </line>
    <line>
      <![CDATA[<a target = "_blank" href=C:\Users\nik_7\IdeaProjects\project5-xyzbank-pagefactory-nauman/test-output/html/bankManagerShouldOpenAccountSuccessfullyTue_Dec_13_21_41_46_GMT_2022.jpg>Screenshot</a>]]>
    </line>
    <line>
      <![CDATA[<br>]]>
    </line>
    <line>
      <![CDATA[<br>]]>
    </line>
    <line>
      <![CDATA[<a target = "_blank" href=C:\Users\nik_7\IdeaProjects\project5-xyzbank-pagefactory-nauman/test-output/html/bankManagerShouldOpenAccountSuccessfullyTue_Dec_13_21_41_46_GMT_2022.jpg><img src=C:\Users\nik_7\IdeaProjects\project5-xyzbank-pagefactory-nauman/test-output/html/bankManagerShouldOpenAccountSuccessfullyTue_Dec_13_21_41_46_GMT_2022.jpg height=200 width=200></img></a>]]>
    </line>
    <line>
      <![CDATA[The home page options are [[[ChromeDriver: chrome on WINDOWS (ad054979a7ef1be107200120e9f6a98a)] -> xpath: //div[@class='borderM box padT20']//button], [[ChromeDriver: chrome on WINDOWS (ad054979a7ef1be107200120e9f6a98a)] -> xpath: //div[@class='borderM box padT20']//button]]]]>
    </line>
    <line>
      <![CDATA[The Bank manager options are [[[ChromeDriver: chrome on WINDOWS (ad054979a7ef1be107200120e9f6a98a)] -> xpath: //div[@class='center']//button[@class='btn btn-lg tab']], [[ChromeDriver: chrome on WINDOWS (ad054979a7ef1be107200120e9f6a98a)] -> xpath: //div[@class='center']//button[@class='btn btn-lg tab']], [[ChromeDriver: chrome on WINDOWS (ad054979a7ef1be107200120e9f6a98a)] -> xpath: //div[@class='center']//button[@class='btn btn-lg tab']]]]]>
    </line>
    <line>
      <![CDATA[Enter First Name  Prime[[ChromeDriver: chrome on WINDOWS (ad054979a7ef1be107200120e9f6a98a)] -> xpath: //input[@placeholder='First Name']]]]>
    </line>
    <line>
      <![CDATA[Enter Last Name  Testing[[ChromeDriver: chrome on WINDOWS (ad054979a7ef1be107200120e9f6a98a)] -> xpath: //input[@placeholder='Last Name']]]]>
    </line>
    <line>
      <![CDATA[Enter Postcode  BB1 [[ChromeDriver: chrome on WINDOWS (ad054979a7ef1be107200120e9f6a98a)] -> xpath: //input[@placeholder='Post Code']]]]>
    </line>
    <line>
      <![CDATA[Click on Add Customer Button [[ChromeDriver: chrome on WINDOWS (ad054979a7ef1be107200120e9f6a98a)] -> xpath: //button[@class='btn btn-default']]]]>
    </line>
    <line>
      <![CDATA[The Bank manager options are [[[ChromeDriver: chrome on WINDOWS (ad054979a7ef1be107200120e9f6a98a)] -> xpath: //div[@class='center']//button[@class='btn btn-lg tab']], [[ChromeDriver: chrome on WINDOWS (ad054979a7ef1be107200120e9f6a98a)] -> xpath: //div[@class='center']//button[@class='btn btn-lg tab']], [[ChromeDriver: chrome on WINDOWS (ad054979a7ef1be107200120e9f6a98a)] -> xpath: //div[@class='center']//button[@class='btn btn-lg tab']]]]]>
    </line>
    <line>
      <![CDATA[Select Your Name [[ChromeDriver: chrome on WINDOWS (ad054979a7ef1be107200120e9f6a98a)] -> xpath: //select[@id='userSelect']]]]>
    </line>
    <line>
      <![CDATA[Select currency [[[ChromeDriver: chrome on WINDOWS (ad054979a7ef1be107200120e9f6a98a)] -> xpath: //select[@id='currency']//option[@value]], [[ChromeDriver: chrome on WINDOWS (ad054979a7ef1be107200120e9f6a98a)] -> xpath: //select[@id='currency']//option[@value]], [[ChromeDriver: chrome on WINDOWS (ad054979a7ef1be107200120e9f6a98a)] -> xpath: //select[@id='currency']//option[@value]], [[ChromeDriver: chrome on WINDOWS (ad054979a7ef1be107200120e9f6a98a)] -> xpath: //select[@id='currency']//option[@value]]]]]>
    </line>
    <line>
      <![CDATA[Click on Process Button [[ChromeDriver: chrome on WINDOWS (ad054979a7ef1be107200120e9f6a98a)] -> xpath: //button[contains(text(),'Process')]]]]>
    </line>
    <line>
      <![CDATA[Click on Home Button [[ChromeDriver: chrome on WINDOWS (ad054979a7ef1be107200120e9f6a98a)] -> xpath: //button[contains(text(),'Home')]]]]>
    </line>
    <line>
      <![CDATA[Click on login button[[ChromeDriver: chrome on WINDOWS (ad054979a7ef1be107200120e9f6a98a)] -> xpath: //button[contains(text(),'Customer Login')]]]]>
    </line>
    <line>
      <![CDATA[Select Your Name [[ChromeDriver: chrome on WINDOWS (ad054979a7ef1be107200120e9f6a98a)] -> xpath: //select[@id='userSelect']]]]>
    </line>
    <line>
      <![CDATA[Click on Customer Login Button [[ChromeDriver: chrome on WINDOWS (ad054979a7ef1be107200120e9f6a98a)] -> xpath: //button[@type='submit']]]]>
    </line>
    <line>
      <![CDATA[The customer options are [[[ChromeDriver: chrome on WINDOWS (ad054979a7ef1be107200120e9f6a98a)] -> xpath: //div[@class='borderM box padT20 ng-scope']/div[3]//button], [[ChromeDriver: chrome on WINDOWS (ad054979a7ef1be107200120e9f6a98a)] -> xpath: //div[@class='borderM box padT20 ng-scope']/div[3]//button], [[ChromeDriver: chrome on WINDOWS (ad054979a7ef1be107200120e9f6a98a)] -> xpath: //div[@class='borderM box padT20 ng-scope']/div[3]//button]]]]>
    </line>
    <line>
      <![CDATA[The deposit amount is [[ChromeDriver: chrome on WINDOWS (ad054979a7ef1be107200120e9f6a98a)] -> xpath: //input[@placeholder='amount']]]]>
    </line>
    <line>
      <![CDATA[Click on Deposit Button [[ChromeDriver: chrome on WINDOWS (ad054979a7ef1be107200120e9f6a98a)] -> xpath: //button[@type='submit']]]]>
    </line>
    <line>
      <![CDATA[Deposit successful [[ChromeDriver: chrome on WINDOWS (ad054979a7ef1be107200120e9f6a98a)] -> xpath: //span[contains(text(),'Deposit Successful')]]]]>
    </line>
    <line>
      <![CDATA[Click to see screenshot]]>
    </line>
    <line>
      <![CDATA[<a target = "_blank" href=C:\Users\nik_7\IdeaProjects\project5-xyzbank-pagefactory-nauman/test-output/html/customerShouldDepositMoneySuccessfullyTue_Dec_13_21_41_51_GMT_2022.jpg>Screenshot</a>]]>
    </line>
    <line>
      <![CDATA[<br>]]>
    </line>
    <line>
      <![CDATA[<br>]]>
    </line>
    <line>
      <![CDATA[<a target = "_blank" href=C:\Users\nik_7\IdeaProjects\project5-xyzbank-pagefactory-nauman/test-output/html/customerShouldDepositMoneySuccessfullyTue_Dec_13_21_41_51_GMT_2022.jpg><img src=C:\Users\nik_7\IdeaProjects\project5-xyzbank-pagefactory-nauman/test-output/html/customerShouldDepositMoneySuccessfullyTue_Dec_13_21_41_51_GMT_2022.jpg height=200 width=200></img></a>]]>
    </line>
    <line>
      <![CDATA[The home page options are [[[ChromeDriver: chrome on WINDOWS (eb020eb435a3d5f3e1a48ef4307712b7)] -> xpath: //div[@class='borderM box padT20']//button], [[ChromeDriver: chrome on WINDOWS (eb020eb435a3d5f3e1a48ef4307712b7)] -> xpath: //div[@class='borderM box padT20']//button]]]]>
    </line>
    <line>
      <![CDATA[The Bank manager options are [[[ChromeDriver: chrome on WINDOWS (eb020eb435a3d5f3e1a48ef4307712b7)] -> xpath: //div[@class='center']//button[@class='btn btn-lg tab']], [[ChromeDriver: chrome on WINDOWS (eb020eb435a3d5f3e1a48ef4307712b7)] -> xpath: //div[@class='center']//button[@class='btn btn-lg tab']], [[ChromeDriver: chrome on WINDOWS (eb020eb435a3d5f3e1a48ef4307712b7)] -> xpath: //div[@class='center']//button[@class='btn btn-lg tab']]]]]>
    </line>
    <line>
      <![CDATA[Enter First Name  Prime[[ChromeDriver: chrome on WINDOWS (eb020eb435a3d5f3e1a48ef4307712b7)] -> xpath: //input[@placeholder='First Name']]]]>
    </line>
    <line>
      <![CDATA[Enter Last Name  Testing[[ChromeDriver: chrome on WINDOWS (eb020eb435a3d5f3e1a48ef4307712b7)] -> xpath: //input[@placeholder='Last Name']]]]>
    </line>
    <line>
      <![CDATA[Enter Postcode  BB1 [[ChromeDriver: chrome on WINDOWS (eb020eb435a3d5f3e1a48ef4307712b7)] -> xpath: //input[@placeholder='Post Code']]]]>
    </line>
    <line>
      <![CDATA[Click on Add Customer Button [[ChromeDriver: chrome on WINDOWS (eb020eb435a3d5f3e1a48ef4307712b7)] -> xpath: //button[@class='btn btn-default']]]]>
    </line>
    <line>
      <![CDATA[The Bank manager options are [[[ChromeDriver: chrome on WINDOWS (eb020eb435a3d5f3e1a48ef4307712b7)] -> xpath: //div[@class='center']//button[@class='btn btn-lg tab']], [[ChromeDriver: chrome on WINDOWS (eb020eb435a3d5f3e1a48ef4307712b7)] -> xpath: //div[@class='center']//button[@class='btn btn-lg tab']], [[ChromeDriver: chrome on WINDOWS (eb020eb435a3d5f3e1a48ef4307712b7)] -> xpath: //div[@class='center']//button[@class='btn btn-lg tab']]]]]>
    </line>
    <line>
      <![CDATA[Select Your Name [[ChromeDriver: chrome on WINDOWS (eb020eb435a3d5f3e1a48ef4307712b7)] -> xpath: //select[@id='userSelect']]]]>
    </line>
    <line>
      <![CDATA[Select currency [[[ChromeDriver: chrome on WINDOWS (eb020eb435a3d5f3e1a48ef4307712b7)] -> xpath: //select[@id='currency']//option[@value]], [[ChromeDriver: chrome on WINDOWS (eb020eb435a3d5f3e1a48ef4307712b7)] -> xpath: //select[@id='currency']//option[@value]], [[ChromeDriver: chrome on WINDOWS (eb020eb435a3d5f3e1a48ef4307712b7)] -> xpath: //select[@id='currency']//option[@value]], [[ChromeDriver: chrome on WINDOWS (eb020eb435a3d5f3e1a48ef4307712b7)] -> xpath: //select[@id='currency']//option[@value]]]]]>
    </line>
    <line>
      <![CDATA[Click on Process Button [[ChromeDriver: chrome on WINDOWS (eb020eb435a3d5f3e1a48ef4307712b7)] -> xpath: //button[contains(text(),'Process')]]]]>
    </line>
    <line>
      <![CDATA[Click on Home Button [[ChromeDriver: chrome on WINDOWS (eb020eb435a3d5f3e1a48ef4307712b7)] -> xpath: //button[contains(text(),'Home')]]]]>
    </line>
    <line>
      <![CDATA[Click on login button[[ChromeDriver: chrome on WINDOWS (eb020eb435a3d5f3e1a48ef4307712b7)] -> xpath: //button[contains(text(),'Customer Login')]]]]>
    </line>
    <line>
      <![CDATA[Select Your Name [[ChromeDriver: chrome on WINDOWS (eb020eb435a3d5f3e1a48ef4307712b7)] -> xpath: //select[@id='userSelect']]]]>
    </line>
    <line>
      <![CDATA[Click on Customer Login Button [[ChromeDriver: chrome on WINDOWS (eb020eb435a3d5f3e1a48ef4307712b7)] -> xpath: //button[@type='submit']]]]>
    </line>
    <line>
      <![CDATA[Click on Login Button [[ChromeDriver: chrome on WINDOWS (eb020eb435a3d5f3e1a48ef4307712b7)] -> xpath: //div[@class='box mainhdr']/button[2]]]]>
    </line>
    <line>
      <![CDATA[Click on Logout Button [[ChromeDriver: chrome on WINDOWS (eb020eb435a3d5f3e1a48ef4307712b7)] -> xpath: //div[@class='box mainhdr']/button[2]]]]>
    </line>
    <line>
      <![CDATA[Your Name Text is [[ChromeDriver: chrome on WINDOWS (eb020eb435a3d5f3e1a48ef4307712b7)] -> xpath: //label[contains(text(),'Your Name :')]]]]>
    </line>
    <line>
      <![CDATA[Click to see screenshot]]>
    </line>
    <line>
      <![CDATA[<a target = "_blank" href=C:\Users\nik_7\IdeaProjects\project5-xyzbank-pagefactory-nauman/test-output/html/customerShouldLoginAndLogoutSuccessfullyTue_Dec_13_21_41_57_GMT_2022.jpg>Screenshot</a>]]>
    </line>
    <line>
      <![CDATA[<br>]]>
    </line>
    <line>
      <![CDATA[<br>]]>
    </line>
    <line>
      <![CDATA[<a target = "_blank" href=C:\Users\nik_7\IdeaProjects\project5-xyzbank-pagefactory-nauman/test-output/html/customerShouldLoginAndLogoutSuccessfullyTue_Dec_13_21_41_57_GMT_2022.jpg><img src=C:\Users\nik_7\IdeaProjects\project5-xyzbank-pagefactory-nauman/test-output/html/customerShouldLoginAndLogoutSuccessfullyTue_Dec_13_21_41_57_GMT_2022.jpg height=200 width=200></img></a>]]>
    </line>
    <line>
      <![CDATA[The home page options are [[[ChromeDriver: chrome on WINDOWS (97c5e8023ae56903de011cd3f4439b36)] -> xpath: //div[@class='borderM box padT20']//button], [[ChromeDriver: chrome on WINDOWS (97c5e8023ae56903de011cd3f4439b36)] -> xpath: //div[@class='borderM box padT20']//button]]]]>
    </line>
    <line>
      <![CDATA[The Bank manager options are [[[ChromeDriver: chrome on WINDOWS (97c5e8023ae56903de011cd3f4439b36)] -> xpath: //div[@class='center']//button[@class='btn btn-lg tab']], [[ChromeDriver: chrome on WINDOWS (97c5e8023ae56903de011cd3f4439b36)] -> xpath: //div[@class='center']//button[@class='btn btn-lg tab']], [[ChromeDriver: chrome on WINDOWS (97c5e8023ae56903de011cd3f4439b36)] -> xpath: //div[@class='center']//button[@class='btn btn-lg tab']]]]]>
    </line>
    <line>
      <![CDATA[Enter First Name  Prime[[ChromeDriver: chrome on WINDOWS (97c5e8023ae56903de011cd3f4439b36)] -> xpath: //input[@placeholder='First Name']]]]>
    </line>
    <line>
      <![CDATA[Enter Last Name  Testing[[ChromeDriver: chrome on WINDOWS (97c5e8023ae56903de011cd3f4439b36)] -> xpath: //input[@placeholder='Last Name']]]]>
    </line>
    <line>
      <![CDATA[Enter Postcode  BB1 [[ChromeDriver: chrome on WINDOWS (97c5e8023ae56903de011cd3f4439b36)] -> xpath: //input[@placeholder='Post Code']]]]>
    </line>
    <line>
      <![CDATA[Click on Add Customer Button [[ChromeDriver: chrome on WINDOWS (97c5e8023ae56903de011cd3f4439b36)] -> xpath: //button[@class='btn btn-default']]]]>
    </line>
    <line>
      <![CDATA[The Bank manager options are [[[ChromeDriver: chrome on WINDOWS (97c5e8023ae56903de011cd3f4439b36)] -> xpath: //div[@class='center']//button[@class='btn btn-lg tab']], [[ChromeDriver: chrome on WINDOWS (97c5e8023ae56903de011cd3f4439b36)] -> xpath: //div[@class='center']//button[@class='btn btn-lg tab']], [[ChromeDriver: chrome on WINDOWS (97c5e8023ae56903de011cd3f4439b36)] -> xpath: //div[@class='center']//button[@class='btn btn-lg tab']]]]]>
    </line>
    <line>
      <![CDATA[Select Your Name [[ChromeDriver: chrome on WINDOWS (97c5e8023ae56903de011cd3f4439b36)] -> xpath: //select[@id='userSelect']]]]>
    </line>
    <line>
      <![CDATA[Select currency [[[ChromeDriver: chrome on WINDOWS (97c5e8023ae56903de011cd3f4439b36)] -> xpath: //select[@id='currency']//option[@value]], [[ChromeDriver: chrome on WINDOWS (97c5e8023ae56903de011cd3f4439b36)] -> xpath: //select[@id='currency']//option[@value]], [[ChromeDriver: chrome on WINDOWS (97c5e8023ae56903de011cd3f4439b36)] -> xpath: //select[@id='currency']//option[@value]], [[ChromeDriver: chrome on WINDOWS (97c5e8023ae56903de011cd3f4439b36)] -> xpath: //select[@id='currency']//option[@value]]]]]>
    </line>
    <line>
      <![CDATA[Click on Process Button [[ChromeDriver: chrome on WINDOWS (97c5e8023ae56903de011cd3f4439b36)] -> xpath: //button[contains(text(),'Process')]]]]>
    </line>
    <line>
      <![CDATA[Select Your Name [[ChromeDriver: chrome on WINDOWS (97c5e8023ae56903de011cd3f4439b36)] -> xpath: //select[@id='userSelect']]]]>
    </line>
    <line>
      <![CDATA[Click on Customer Login Button [[ChromeDriver: chrome on WINDOWS (97c5e8023ae56903de011cd3f4439b36)] -> xpath: //button[@type='submit']]]]>
    </line>
    <line>
      <![CDATA[The customer options are [[[ChromeDriver: chrome on WINDOWS (97c5e8023ae56903de011cd3f4439b36)] -> xpath: //div[@class='borderM box padT20 ng-scope']/div[3]//button], [[ChromeDriver: chrome on WINDOWS (97c5e8023ae56903de011cd3f4439b36)] -> xpath: //div[@class='borderM box padT20 ng-scope']/div[3]//button], [[ChromeDriver: chrome on WINDOWS (97c5e8023ae56903de011cd3f4439b36)] -> xpath: //div[@class='borderM box padT20 ng-scope']/div[3]//button]]]]>
    </line>
    <line>
      <![CDATA[Send text to deposit field and click deposit button ]]>
    </line>
    <line>
      <![CDATA[The deposit amount is [[ChromeDriver: chrome on WINDOWS (97c5e8023ae56903de011cd3f4439b36)] -> xpath: //input[@placeholder='amount']]]]>
    </line>
    <line>
      <![CDATA[Click on Deposit Button [[ChromeDriver: chrome on WINDOWS (97c5e8023ae56903de011cd3f4439b36)] -> xpath: //button[@type='submit']]]]>
    </line>
    <line>
      <![CDATA[Click on Home Button [[ChromeDriver: chrome on WINDOWS (97c5e8023ae56903de011cd3f4439b36)] -> xpath: //button[contains(text(),'Home')]]]]>
    </line>
    <line>
      <![CDATA[Click on login button[[ChromeDriver: chrome on WINDOWS (97c5e8023ae56903de011cd3f4439b36)] -> xpath: //button[contains(text(),'Customer Login')]]]]>
    </line>
    <line>
      <![CDATA[Select Your Name [[ChromeDriver: chrome on WINDOWS (97c5e8023ae56903de011cd3f4439b36)] -> xpath: //select[@id='userSelect']]]]>
    </line>
    <line>
      <![CDATA[Click on login button[[ChromeDriver: chrome on WINDOWS (97c5e8023ae56903de011cd3f4439b36)] -> xpath: //button[@class='btn btn-default']]]]>
    </line>
    <line>
      <![CDATA[Click on Deposit Button [[ChromeDriver: chrome on WINDOWS (97c5e8023ae56903de011cd3f4439b36)] -> xpath: (//button[@class='btn btn-lg tab'])[3]]]]>
    </line>
    <line>
      <![CDATA[Send text to withdrawl field [[ChromeDriver: chrome on WINDOWS (97c5e8023ae56903de011cd3f4439b36)] -> xpath: //input[@type='number']]]]>
    </line>
    <line>
      <![CDATA[Click on Deposit Button [[ChromeDriver: chrome on WINDOWS (97c5e8023ae56903de011cd3f4439b36)] -> xpath: //button[@type='submit']]]]>
    </line>
    <line>
      <![CDATA[Transaction successful message [[ChromeDriver: chrome on WINDOWS (97c5e8023ae56903de011cd3f4439b36)] -> xpath: //div[@class='ng-scope']/span[@ng-show='message']]]]>
    </line>
    <line>
      <![CDATA[Click to see screenshot]]>
    </line>
    <line>
      <![CDATA[<a target = "_blank" href=C:\Users\nik_7\IdeaProjects\project5-xyzbank-pagefactory-nauman/test-output/html/customerShouldWithdrawMoneySuccessfullyTue_Dec_13_21_42_09_GMT_2022.jpg>Screenshot</a>]]>
    </line>
    <line>
      <![CDATA[<br>]]>
    </line>
    <line>
      <![CDATA[<br>]]>
    </line>
    <line>
      <![CDATA[<a target = "_blank" href=C:\Users\nik_7\IdeaProjects\project5-xyzbank-pagefactory-nauman/test-output/html/customerShouldWithdrawMoneySuccessfullyTue_Dec_13_21_42_09_GMT_2022.jpg><img src=C:\Users\nik_7\IdeaProjects\project5-xyzbank-pagefactory-nauman/test-output/html/customerShouldWithdrawMoneySuccessfullyTue_Dec_13_21_42_09_GMT_2022.jpg height=200 width=200></img></a>]]>
    </line>
  </reporter-output>
  <suite name="Regression suite" duration-ms="39135" started-at="2022-12-13T21:41:30 GMT" finished-at="2022-12-13T21:42:09 GMT">
    <groups>
      <group name="regression">
        <method signature="BankTest.bankManagerShouldAddCustomerSuccessfully()[pri:0, instance:com.bank.testsuite.BankTest@149494d8]" name="bankManagerShouldAddCustomerSuccessfully" class="com.bank.testsuite.BankTest"/>
        <method signature="BankTest.bankManagerShouldOpenAccountSuccessfully()[pri:0, instance:com.bank.testsuite.BankTest@149494d8]" name="bankManagerShouldOpenAccountSuccessfully" class="com.bank.testsuite.BankTest"/>
        <method signature="BankTest.customerShouldDepositMoneySuccessfully()[pri:0, instance:com.bank.testsuite.BankTest@149494d8]" name="customerShouldDepositMoneySuccessfully" class="com.bank.testsuite.BankTest"/>
        <method signature="BankTest.customerShouldLoginAndLogoutSuccessfully()[pri:0, instance:com.bank.testsuite.BankTest@149494d8]" name="customerShouldLoginAndLogoutSuccessfully" class="com.bank.testsuite.BankTest"/>
        <method signature="BankTest.customerShouldWithdrawMoneySuccessfully()[pri:0, instance:com.bank.testsuite.BankTest@149494d8]" name="customerShouldWithdrawMoneySuccessfully" class="com.bank.testsuite.BankTest"/>
      </group> <!-- regression -->
      <group name="smoke">
        <method signature="BankTest.bankManagerShouldOpenAccountSuccessfully()[pri:0, instance:com.bank.testsuite.BankTest@149494d8]" name="bankManagerShouldOpenAccountSuccessfully" class="com.bank.testsuite.BankTest"/>
      </group> <!-- smoke -->
      <group name="sanity">
        <method signature="BankTest.bankManagerShouldAddCustomerSuccessfully()[pri:0, instance:com.bank.testsuite.BankTest@149494d8]" name="bankManagerShouldAddCustomerSuccessfully" class="com.bank.testsuite.BankTest"/>
      </group> <!-- sanity -->
    </groups>
    <test name="Regression Test" duration-ms="39135" started-at="2022-12-13T21:41:30 GMT" finished-at="2022-12-13T21:42:09 GMT">
      <class name="com.bank.testsuite.BankTest">
        <test-method status="PASS" signature="setUp()[pri:0, instance:com.bank.testsuite.BankTest@149494d8]" name="setUp" is-config="true" duration-ms="3312" started-at="2022-12-13T21:41:31 GMT" finished-at="2022-12-13T21:41:34 GMT">
          <reporter-output>
          </reporter-output>
        </test-method> <!-- setUp -->
        <test-method status="PASS" signature="pageObjects()[pri:0, instance:com.bank.testsuite.BankTest@149494d8]" name="pageObjects" is-config="true" duration-ms="16" started-at="2022-12-13T21:41:34 GMT" finished-at="2022-12-13T21:41:34 GMT">
          <reporter-output>
          </reporter-output>
        </test-method> <!-- pageObjects -->
        <test-method status="PASS" signature="bankManagerShouldAddCustomerSuccessfully()[pri:0, instance:com.bank.testsuite.BankTest@149494d8]" name="bankManagerShouldAddCustomerSuccessfully" duration-ms="1122" started-at="2022-12-13T21:41:34 GMT" finished-at="2022-12-13T21:41:35 GMT">
          <reporter-output>
            <line>
              <![CDATA[The home page options are [[[ChromeDriver: chrome on WINDOWS (13e7d84d7600df7892659dca1d7c66b7)] -> xpath: //div[@class='borderM box padT20']//button], [[ChromeDriver: chrome on WINDOWS (13e7d84d7600df7892659dca1d7c66b7)] -> xpath: //div[@class='borderM box padT20']//button]]]]>
            </line>
            <line>
              <![CDATA[The Bank manager options are [[[ChromeDriver: chrome on WINDOWS (13e7d84d7600df7892659dca1d7c66b7)] -> xpath: //div[@class='center']//button[@class='btn btn-lg tab']], [[ChromeDriver: chrome on WINDOWS (13e7d84d7600df7892659dca1d7c66b7)] -> xpath: //div[@class='center']//button[@class='btn btn-lg tab']], [[ChromeDriver: chrome on WINDOWS (13e7d84d7600df7892659dca1d7c66b7)] -> xpath: //div[@class='center']//button[@class='btn btn-lg tab']]]]]>
            </line>
            <line>
              <![CDATA[Enter First Name  Shaun[[ChromeDriver: chrome on WINDOWS (13e7d84d7600df7892659dca1d7c66b7)] -> xpath: //input[@placeholder='First Name']]]]>
            </line>
            <line>
              <![CDATA[Enter Last Name  Dead[[ChromeDriver: chrome on WINDOWS (13e7d84d7600df7892659dca1d7c66b7)] -> xpath: //input[@placeholder='Last Name']]]]>
            </line>
            <line>
              <![CDATA[Enter Postcode  BB1 [[ChromeDriver: chrome on WINDOWS (13e7d84d7600df7892659dca1d7c66b7)] -> xpath: //input[@placeholder='Post Code']]]]>
            </line>
            <line>
              <![CDATA[Click on Add Customer Button [[ChromeDriver: chrome on WINDOWS (13e7d84d7600df7892659dca1d7c66b7)] -> xpath: //button[@class='btn btn-default']]]]>
            </line>
            <line>
              <![CDATA[Click to see screenshot]]>
            </line>
            <line>
              <![CDATA[<a target = "_blank" href=C:\Users\nik_7\IdeaProjects\project5-xyzbank-pagefactory-nauman/test-output/html/bankManagerShouldAddCustomerSuccessfullyTue_Dec_13_21_41_35_GMT_2022.jpg>Screenshot</a>]]>
            </line>
            <line>
              <![CDATA[<br>]]>
            </line>
            <line>
              <![CDATA[<br>]]>
            </line>
            <line>
              <![CDATA[<a target = "_blank" href=C:\Users\nik_7\IdeaProjects\project5-xyzbank-pagefactory-nauman/test-output/html/bankManagerShouldAddCustomerSuccessfullyTue_Dec_13_21_41_35_GMT_2022.jpg><img src=C:\Users\nik_7\IdeaProjects\project5-xyzbank-pagefactory-nauman/test-output/html/bankManagerShouldAddCustomerSuccessfullyTue_Dec_13_21_41_35_GMT_2022.jpg height=200 width=200></img></a>]]>
            </line>
          </reporter-output>
        </test-method> <!-- bankManagerShouldAddCustomerSuccessfully -->
        <test-method status="PASS" signature="tearDown()[pri:0, instance:com.bank.testsuite.BankTest@149494d8]" name="tearDown" is-config="true" duration-ms="616" started-at="2022-12-13T21:41:35 GMT" finished-at="2022-12-13T21:41:36 GMT">
          <reporter-output>
          </reporter-output>
        </test-method> <!-- tearDown -->
        <test-method status="PASS" signature="setUp()[pri:0, instance:com.bank.testsuite.BankTest@149494d8]" name="setUp" is-config="true" duration-ms="1970" started-at="2022-12-13T21:41:36 GMT" finished-at="2022-12-13T21:41:38 GMT">
          <reporter-output>
          </reporter-output>
        </test-method> <!-- setUp -->
        <test-method status="PASS" signature="pageObjects()[pri:0, instance:com.bank.testsuite.BankTest@149494d8]" name="pageObjects" is-config="true" duration-ms="1" started-at="2022-12-13T21:41:38 GMT" finished-at="2022-12-13T21:41:38 GMT">
          <reporter-output>
          </reporter-output>
        </test-method> <!-- pageObjects -->
        <test-method status="PASS" signature="bankManagerShouldOpenAccountSuccessfully()[pri:0, instance:com.bank.testsuite.BankTest@149494d8]" name="bankManagerShouldOpenAccountSuccessfully" duration-ms="7423" started-at="2022-12-13T21:41:38 GMT" finished-at="2022-12-13T21:41:45 GMT">
          <reporter-output>
            <line>
              <![CDATA[The home page options are [[[ChromeDriver: chrome on WINDOWS (0f93466f161bed73135ead2bc805bcb1)] -> xpath: //div[@class='borderM box padT20']//button], [[ChromeDriver: chrome on WINDOWS (0f93466f161bed73135ead2bc805bcb1)] -> xpath: //div[@class='borderM box padT20']//button]]]]>
            </line>
            <line>
              <![CDATA[The Bank manager options are [[[ChromeDriver: chrome on WINDOWS (0f93466f161bed73135ead2bc805bcb1)] -> xpath: //div[@class='center']//button[@class='btn btn-lg tab']], [[ChromeDriver: chrome on WINDOWS (0f93466f161bed73135ead2bc805bcb1)] -> xpath: //div[@class='center']//button[@class='btn btn-lg tab']], [[ChromeDriver: chrome on WINDOWS (0f93466f161bed73135ead2bc805bcb1)] -> xpath: //div[@class='center']//button[@class='btn btn-lg tab']]]]]>
            </line>
            <line>
              <![CDATA[Enter First Name  Prime[[ChromeDriver: chrome on WINDOWS (0f93466f161bed73135ead2bc805bcb1)] -> xpath: //input[@placeholder='First Name']]]]>
            </line>
            <line>
              <![CDATA[Enter Last Name  Testing[[ChromeDriver: chrome on WINDOWS (0f93466f161bed73135ead2bc805bcb1)] -> xpath: //input[@placeholder='Last Name']]]]>
            </line>
            <line>
              <![CDATA[Enter Postcode  BB1 [[ChromeDriver: chrome on WINDOWS (0f93466f161bed73135ead2bc805bcb1)] -> xpath: //input[@placeholder='Post Code']]]]>
            </line>
            <line>
              <![CDATA[Click on Add Customer Button [[ChromeDriver: chrome on WINDOWS (0f93466f161bed73135ead2bc805bcb1)] -> xpath: //button[@class='btn btn-default']]]]>
            </line>
            <line>
              <![CDATA[The Bank manager options are [[[ChromeDriver: chrome on WINDOWS (0f93466f161bed73135ead2bc805bcb1)] -> xpath: //div[@class='center']//button[@class='btn btn-lg tab']], [[ChromeDriver: chrome on WINDOWS (0f93466f161bed73135ead2bc805bcb1)] -> xpath: //div[@class='center']//button[@class='btn btn-lg tab']], [[ChromeDriver: chrome on WINDOWS (0f93466f161bed73135ead2bc805bcb1)] -> xpath: //div[@class='center']//button[@class='btn btn-lg tab']]]]]>
            </line>
            <line>
              <![CDATA[Select Your Name [[ChromeDriver: chrome on WINDOWS (0f93466f161bed73135ead2bc805bcb1)] -> xpath: //select[@id='userSelect']]]]>
            </line>
            <line>
              <![CDATA[Select currency [[[ChromeDriver: chrome on WINDOWS (0f93466f161bed73135ead2bc805bcb1)] -> xpath: //select[@id='currency']//option[@value]], [[ChromeDriver: chrome on WINDOWS (0f93466f161bed73135ead2bc805bcb1)] -> xpath: //select[@id='currency']//option[@value]], [[ChromeDriver: chrome on WINDOWS (0f93466f161bed73135ead2bc805bcb1)] -> xpath: //select[@id='currency']//option[@value]], [[ChromeDriver: chrome on WINDOWS (0f93466f161bed73135ead2bc805bcb1)] -> xpath: //select[@id='currency']//option[@value]]]]]>
            </line>
            <line>
              <![CDATA[Click on Process Button [[ChromeDriver: chrome on WINDOWS (0f93466f161bed73135ead2bc805bcb1)] -> xpath: //button[contains(text(),'Process')]]]]>
            </line>
            <line>
              <![CDATA[Click to see screenshot]]>
            </line>
            <line>
              <![CDATA[<a target = "_blank" href=C:\Users\nik_7\IdeaProjects\project5-xyzbank-pagefactory-nauman/test-output/html/bankManagerShouldOpenAccountSuccessfullyTue_Dec_13_21_41_46_GMT_2022.jpg>Screenshot</a>]]>
            </line>
            <line>
              <![CDATA[<br>]]>
            </line>
            <line>
              <![CDATA[<br>]]>
            </line>
            <line>
              <![CDATA[<a target = "_blank" href=C:\Users\nik_7\IdeaProjects\project5-xyzbank-pagefactory-nauman/test-output/html/bankManagerShouldOpenAccountSuccessfullyTue_Dec_13_21_41_46_GMT_2022.jpg><img src=C:\Users\nik_7\IdeaProjects\project5-xyzbank-pagefactory-nauman/test-output/html/bankManagerShouldOpenAccountSuccessfullyTue_Dec_13_21_41_46_GMT_2022.jpg height=200 width=200></img></a>]]>
            </line>
          </reporter-output>
        </test-method> <!-- bankManagerShouldOpenAccountSuccessfully -->
        <test-method status="PASS" signature="tearDown()[pri:0, instance:com.bank.testsuite.BankTest@149494d8]" name="tearDown" is-config="true" duration-ms="623" started-at="2022-12-13T21:41:46 GMT" finished-at="2022-12-13T21:41:46 GMT">
          <reporter-output>
          </reporter-output>
        </test-method> <!-- tearDown -->
        <test-method status="PASS" signature="setUp()[pri:0, instance:com.bank.testsuite.BankTest@149494d8]" name="setUp" is-config="true" duration-ms="2215" started-at="2022-12-13T21:41:46 GMT" finished-at="2022-12-13T21:41:49 GMT">
          <reporter-output>
          </reporter-output>
        </test-method> <!-- setUp -->
        <test-method status="PASS" signature="pageObjects()[pri:0, instance:com.bank.testsuite.BankTest@149494d8]" name="pageObjects" is-config="true" duration-ms="0" started-at="2022-12-13T21:41:49 GMT" finished-at="2022-12-13T21:41:49 GMT">
          <reporter-output>
          </reporter-output>
        </test-method> <!-- pageObjects -->
        <test-method status="PASS" signature="customerShouldDepositMoneySuccessfully()[pri:0, instance:com.bank.testsuite.BankTest@149494d8]" name="customerShouldDepositMoneySuccessfully" duration-ms="2306" started-at="2022-12-13T21:41:49 GMT" finished-at="2022-12-13T21:41:51 GMT">
          <reporter-output>
            <line>
              <![CDATA[The home page options are [[[ChromeDriver: chrome on WINDOWS (ad054979a7ef1be107200120e9f6a98a)] -> xpath: //div[@class='borderM box padT20']//button], [[ChromeDriver: chrome on WINDOWS (ad054979a7ef1be107200120e9f6a98a)] -> xpath: //div[@class='borderM box padT20']//button]]]]>
            </line>
            <line>
              <![CDATA[The Bank manager options are [[[ChromeDriver: chrome on WINDOWS (ad054979a7ef1be107200120e9f6a98a)] -> xpath: //div[@class='center']//button[@class='btn btn-lg tab']], [[ChromeDriver: chrome on WINDOWS (ad054979a7ef1be107200120e9f6a98a)] -> xpath: //div[@class='center']//button[@class='btn btn-lg tab']], [[ChromeDriver: chrome on WINDOWS (ad054979a7ef1be107200120e9f6a98a)] -> xpath: //div[@class='center']//button[@class='btn btn-lg tab']]]]]>
            </line>
            <line>
              <![CDATA[Enter First Name  Prime[[ChromeDriver: chrome on WINDOWS (ad054979a7ef1be107200120e9f6a98a)] -> xpath: //input[@placeholder='First Name']]]]>
            </line>
            <line>
              <![CDATA[Enter Last Name  Testing[[ChromeDriver: chrome on WINDOWS (ad054979a7ef1be107200120e9f6a98a)] -> xpath: //input[@placeholder='Last Name']]]]>
            </line>
            <line>
              <![CDATA[Enter Postcode  BB1 [[ChromeDriver: chrome on WINDOWS (ad054979a7ef1be107200120e9f6a98a)] -> xpath: //input[@placeholder='Post Code']]]]>
            </line>
            <line>
              <![CDATA[Click on Add Customer Button [[ChromeDriver: chrome on WINDOWS (ad054979a7ef1be107200120e9f6a98a)] -> xpath: //button[@class='btn btn-default']]]]>
            </line>
            <line>
              <![CDATA[The Bank manager options are [[[ChromeDriver: chrome on WINDOWS (ad054979a7ef1be107200120e9f6a98a)] -> xpath: //div[@class='center']//button[@class='btn btn-lg tab']], [[ChromeDriver: chrome on WINDOWS (ad054979a7ef1be107200120e9f6a98a)] -> xpath: //div[@class='center']//button[@class='btn btn-lg tab']], [[ChromeDriver: chrome on WINDOWS (ad054979a7ef1be107200120e9f6a98a)] -> xpath: //div[@class='center']//button[@class='btn btn-lg tab']]]]]>
            </line>
            <line>
              <![CDATA[Select Your Name [[ChromeDriver: chrome on WINDOWS (ad054979a7ef1be107200120e9f6a98a)] -> xpath: //select[@id='userSelect']]]]>
            </line>
            <line>
              <![CDATA[Select currency [[[ChromeDriver: chrome on WINDOWS (ad054979a7ef1be107200120e9f6a98a)] -> xpath: //select[@id='currency']//option[@value]], [[ChromeDriver: chrome on WINDOWS (ad054979a7ef1be107200120e9f6a98a)] -> xpath: //select[@id='currency']//option[@value]], [[ChromeDriver: chrome on WINDOWS (ad054979a7ef1be107200120e9f6a98a)] -> xpath: //select[@id='currency']//option[@value]], [[ChromeDriver: chrome on WINDOWS (ad054979a7ef1be107200120e9f6a98a)] -> xpath: //select[@id='currency']//option[@value]]]]]>
            </line>
            <line>
              <![CDATA[Click on Process Button [[ChromeDriver: chrome on WINDOWS (ad054979a7ef1be107200120e9f6a98a)] -> xpath: //button[contains(text(),'Process')]]]]>
            </line>
            <line>
              <![CDATA[Click on Home Button [[ChromeDriver: chrome on WINDOWS (ad054979a7ef1be107200120e9f6a98a)] -> xpath: //button[contains(text(),'Home')]]]]>
            </line>
            <line>
              <![CDATA[Click on login button[[ChromeDriver: chrome on WINDOWS (ad054979a7ef1be107200120e9f6a98a)] -> xpath: //button[contains(text(),'Customer Login')]]]]>
            </line>
            <line>
              <![CDATA[Select Your Name [[ChromeDriver: chrome on WINDOWS (ad054979a7ef1be107200120e9f6a98a)] -> xpath: //select[@id='userSelect']]]]>
            </line>
            <line>
              <![CDATA[Click on Customer Login Button [[ChromeDriver: chrome on WINDOWS (ad054979a7ef1be107200120e9f6a98a)] -> xpath: //button[@type='submit']]]]>
            </line>
            <line>
              <![CDATA[The customer options are [[[ChromeDriver: chrome on WINDOWS (ad054979a7ef1be107200120e9f6a98a)] -> xpath: //div[@class='borderM box padT20 ng-scope']/div[3]//button], [[ChromeDriver: chrome on WINDOWS (ad054979a7ef1be107200120e9f6a98a)] -> xpath: //div[@class='borderM box padT20 ng-scope']/div[3]//button], [[ChromeDriver: chrome on WINDOWS (ad054979a7ef1be107200120e9f6a98a)] -> xpath: //div[@class='borderM box padT20 ng-scope']/div[3]//button]]]]>
            </line>
            <line>
              <![CDATA[The deposit amount is [[ChromeDriver: chrome on WINDOWS (ad054979a7ef1be107200120e9f6a98a)] -> xpath: //input[@placeholder='amount']]]]>
            </line>
            <line>
              <![CDATA[Click on Deposit Button [[ChromeDriver: chrome on WINDOWS (ad054979a7ef1be107200120e9f6a98a)] -> xpath: //button[@type='submit']]]]>
            </line>
            <line>
              <![CDATA[Deposit successful [[ChromeDriver: chrome on WINDOWS (ad054979a7ef1be107200120e9f6a98a)] -> xpath: //span[contains(text(),'Deposit Successful')]]]]>
            </line>
            <line>
              <![CDATA[Click to see screenshot]]>
            </line>
            <line>
              <![CDATA[<a target = "_blank" href=C:\Users\nik_7\IdeaProjects\project5-xyzbank-pagefactory-nauman/test-output/html/customerShouldDepositMoneySuccessfullyTue_Dec_13_21_41_51_GMT_2022.jpg>Screenshot</a>]]>
            </line>
            <line>
              <![CDATA[<br>]]>
            </line>
            <line>
              <![CDATA[<br>]]>
            </line>
            <line>
              <![CDATA[<a target = "_blank" href=C:\Users\nik_7\IdeaProjects\project5-xyzbank-pagefactory-nauman/test-output/html/customerShouldDepositMoneySuccessfullyTue_Dec_13_21_41_51_GMT_2022.jpg><img src=C:\Users\nik_7\IdeaProjects\project5-xyzbank-pagefactory-nauman/test-output/html/customerShouldDepositMoneySuccessfullyTue_Dec_13_21_41_51_GMT_2022.jpg height=200 width=200></img></a>]]>
            </line>
          </reporter-output>
        </test-method> <!-- customerShouldDepositMoneySuccessfully -->
        <test-method status="PASS" signature="tearDown()[pri:0, instance:com.bank.testsuite.BankTest@149494d8]" name="tearDown" is-config="true" duration-ms="597" started-at="2022-12-13T21:41:51 GMT" finished-at="2022-12-13T21:41:52 GMT">
          <reporter-output>
          </reporter-output>
        </test-method> <!-- tearDown -->
        <test-method status="PASS" signature="setUp()[pri:0, instance:com.bank.testsuite.BankTest@149494d8]" name="setUp" is-config="true" duration-ms="1914" started-at="2022-12-13T21:41:52 GMT" finished-at="2022-12-13T21:41:54 GMT">
          <reporter-output>
          </reporter-output>
        </test-method> <!-- setUp -->
        <test-method status="PASS" signature="pageObjects()[pri:0, instance:com.bank.testsuite.BankTest@149494d8]" name="pageObjects" is-config="true" duration-ms="1" started-at="2022-12-13T21:41:54 GMT" finished-at="2022-12-13T21:41:54 GMT">
          <reporter-output>
          </reporter-output>
        </test-method> <!-- pageObjects -->
        <test-method status="PASS" signature="customerShouldLoginAndLogoutSuccessfully()[pri:0, instance:com.bank.testsuite.BankTest@149494d8]" name="customerShouldLoginAndLogoutSuccessfully" duration-ms="3424" started-at="2022-12-13T21:41:54 GMT" finished-at="2022-12-13T21:41:57 GMT">
          <reporter-output>
            <line>
              <![CDATA[The home page options are [[[ChromeDriver: chrome on WINDOWS (eb020eb435a3d5f3e1a48ef4307712b7)] -> xpath: //div[@class='borderM box padT20']//button], [[ChromeDriver: chrome on WINDOWS (eb020eb435a3d5f3e1a48ef4307712b7)] -> xpath: //div[@class='borderM box padT20']//button]]]]>
            </line>
            <line>
              <![CDATA[The Bank manager options are [[[ChromeDriver: chrome on WINDOWS (eb020eb435a3d5f3e1a48ef4307712b7)] -> xpath: //div[@class='center']//button[@class='btn btn-lg tab']], [[ChromeDriver: chrome on WINDOWS (eb020eb435a3d5f3e1a48ef4307712b7)] -> xpath: //div[@class='center']//button[@class='btn btn-lg tab']], [[ChromeDriver: chrome on WINDOWS (eb020eb435a3d5f3e1a48ef4307712b7)] -> xpath: //div[@class='center']//button[@class='btn btn-lg tab']]]]]>
            </line>
            <line>
              <![CDATA[Enter First Name  Prime[[ChromeDriver: chrome on WINDOWS (eb020eb435a3d5f3e1a48ef4307712b7)] -> xpath: //input[@placeholder='First Name']]]]>
            </line>
            <line>
              <![CDATA[Enter Last Name  Testing[[ChromeDriver: chrome on WINDOWS (eb020eb435a3d5f3e1a48ef4307712b7)] -> xpath: //input[@placeholder='Last Name']]]]>
            </line>
            <line>
              <![CDATA[Enter Postcode  BB1 [[ChromeDriver: chrome on WINDOWS (eb020eb435a3d5f3e1a48ef4307712b7)] -> xpath: //input[@placeholder='Post Code']]]]>
            </line>
            <line>
              <![CDATA[Click on Add Customer Button [[ChromeDriver: chrome on WINDOWS (eb020eb435a3d5f3e1a48ef4307712b7)] -> xpath: //button[@class='btn btn-default']]]]>
            </line>
            <line>
              <![CDATA[The Bank manager options are [[[ChromeDriver: chrome on WINDOWS (eb020eb435a3d5f3e1a48ef4307712b7)] -> xpath: //div[@class='center']//button[@class='btn btn-lg tab']], [[ChromeDriver: chrome on WINDOWS (eb020eb435a3d5f3e1a48ef4307712b7)] -> xpath: //div[@class='center']//button[@class='btn btn-lg tab']], [[ChromeDriver: chrome on WINDOWS (eb020eb435a3d5f3e1a48ef4307712b7)] -> xpath: //div[@class='center']//button[@class='btn btn-lg tab']]]]]>
            </line>
            <line>
              <![CDATA[Select Your Name [[ChromeDriver: chrome on WINDOWS (eb020eb435a3d5f3e1a48ef4307712b7)] -> xpath: //select[@id='userSelect']]]]>
            </line>
            <line>
              <![CDATA[Select currency [[[ChromeDriver: chrome on WINDOWS (eb020eb435a3d5f3e1a48ef4307712b7)] -> xpath: //select[@id='currency']//option[@value]], [[ChromeDriver: chrome on WINDOWS (eb020eb435a3d5f3e1a48ef4307712b7)] -> xpath: //select[@id='currency']//option[@value]], [[ChromeDriver: chrome on WINDOWS (eb020eb435a3d5f3e1a48ef4307712b7)] -> xpath: //select[@id='currency']//option[@value]], [[ChromeDriver: chrome on WINDOWS (eb020eb435a3d5f3e1a48ef4307712b7)] -> xpath: //select[@id='currency']//option[@value]]]]]>
            </line>
            <line>
              <![CDATA[Click on Process Button [[ChromeDriver: chrome on WINDOWS (eb020eb435a3d5f3e1a48ef4307712b7)] -> xpath: //button[contains(text(),'Process')]]]]>
            </line>
            <line>
              <![CDATA[Click on Home Button [[ChromeDriver: chrome on WINDOWS (eb020eb435a3d5f3e1a48ef4307712b7)] -> xpath: //button[contains(text(),'Home')]]]]>
            </line>
            <line>
              <![CDATA[Click on login button[[ChromeDriver: chrome on WINDOWS (eb020eb435a3d5f3e1a48ef4307712b7)] -> xpath: //button[contains(text(),'Customer Login')]]]]>
            </line>
            <line>
              <![CDATA[Select Your Name [[ChromeDriver: chrome on WINDOWS (eb020eb435a3d5f3e1a48ef4307712b7)] -> xpath: //select[@id='userSelect']]]]>
            </line>
            <line>
              <![CDATA[Click on Customer Login Button [[ChromeDriver: chrome on WINDOWS (eb020eb435a3d5f3e1a48ef4307712b7)] -> xpath: //button[@type='submit']]]]>
            </line>
            <line>
              <![CDATA[Click on Login Button [[ChromeDriver: chrome on WINDOWS (eb020eb435a3d5f3e1a48ef4307712b7)] -> xpath: //div[@class='box mainhdr']/button[2]]]]>
            </line>
            <line>
              <![CDATA[Click on Logout Button [[ChromeDriver: chrome on WINDOWS (eb020eb435a3d5f3e1a48ef4307712b7)] -> xpath: //div[@class='box mainhdr']/button[2]]]]>
            </line>
            <line>
              <![CDATA[Your Name Text is [[ChromeDriver: chrome on WINDOWS (eb020eb435a3d5f3e1a48ef4307712b7)] -> xpath: //label[contains(text(),'Your Name :')]]]]>
            </line>
            <line>
              <![CDATA[Click to see screenshot]]>
            </line>
            <line>
              <![CDATA[<a target = "_blank" href=C:\Users\nik_7\IdeaProjects\project5-xyzbank-pagefactory-nauman/test-output/html/customerShouldLoginAndLogoutSuccessfullyTue_Dec_13_21_41_57_GMT_2022.jpg>Screenshot</a>]]>
            </line>
            <line>
              <![CDATA[<br>]]>
            </line>
            <line>
              <![CDATA[<br>]]>
            </line>
            <line>
              <![CDATA[<a target = "_blank" href=C:\Users\nik_7\IdeaProjects\project5-xyzbank-pagefactory-nauman/test-output/html/customerShouldLoginAndLogoutSuccessfullyTue_Dec_13_21_41_57_GMT_2022.jpg><img src=C:\Users\nik_7\IdeaProjects\project5-xyzbank-pagefactory-nauman/test-output/html/customerShouldLoginAndLogoutSuccessfullyTue_Dec_13_21_41_57_GMT_2022.jpg height=200 width=200></img></a>]]>
            </line>
          </reporter-output>
        </test-method> <!-- customerShouldLoginAndLogoutSuccessfully -->
        <test-method status="PASS" signature="tearDown()[pri:0, instance:com.bank.testsuite.BankTest@149494d8]" name="tearDown" is-config="true" duration-ms="618" started-at="2022-12-13T21:41:57 GMT" finished-at="2022-12-13T21:41:58 GMT">
          <reporter-output>
          </reporter-output>
        </test-method> <!-- tearDown -->
        <test-method status="PASS" signature="setUp()[pri:0, instance:com.bank.testsuite.BankTest@149494d8]" name="setUp" is-config="true" duration-ms="1950" started-at="2022-12-13T21:41:58 GMT" finished-at="2022-12-13T21:42:00 GMT">
          <reporter-output>
          </reporter-output>
        </test-method> <!-- setUp -->
        <test-method status="PASS" signature="pageObjects()[pri:0, instance:com.bank.testsuite.BankTest@149494d8]" name="pageObjects" is-config="true" duration-ms="1" started-at="2022-12-13T21:42:00 GMT" finished-at="2022-12-13T21:42:00 GMT">
          <reporter-output>
          </reporter-output>
        </test-method> <!-- pageObjects -->
        <test-method status="PASS" signature="customerShouldWithdrawMoneySuccessfully()[pri:0, instance:com.bank.testsuite.BankTest@149494d8]" name="customerShouldWithdrawMoneySuccessfully" duration-ms="8566" started-at="2022-12-13T21:42:00 GMT" finished-at="2022-12-13T21:42:09 GMT">
          <reporter-output>
            <line>
              <![CDATA[The home page options are [[[ChromeDriver: chrome on WINDOWS (97c5e8023ae56903de011cd3f4439b36)] -> xpath: //div[@class='borderM box padT20']//button], [[ChromeDriver: chrome on WINDOWS (97c5e8023ae56903de011cd3f4439b36)] -> xpath: //div[@class='borderM box padT20']//button]]]]>
            </line>
            <line>
              <![CDATA[The Bank manager options are [[[ChromeDriver: chrome on WINDOWS (97c5e8023ae56903de011cd3f4439b36)] -> xpath: //div[@class='center']//button[@class='btn btn-lg tab']], [[ChromeDriver: chrome on WINDOWS (97c5e8023ae56903de011cd3f4439b36)] -> xpath: //div[@class='center']//button[@class='btn btn-lg tab']], [[ChromeDriver: chrome on WINDOWS (97c5e8023ae56903de011cd3f4439b36)] -> xpath: //div[@class='center']//button[@class='btn btn-lg tab']]]]]>
            </line>
            <line>
              <![CDATA[Enter First Name  Prime[[ChromeDriver: chrome on WINDOWS (97c5e8023ae56903de011cd3f4439b36)] -> xpath: //input[@placeholder='First Name']]]]>
            </line>
            <line>
              <![CDATA[Enter Last Name  Testing[[ChromeDriver: chrome on WINDOWS (97c5e8023ae56903de011cd3f4439b36)] -> xpath: //input[@placeholder='Last Name']]]]>
            </line>
            <line>
              <![CDATA[Enter Postcode  BB1 [[ChromeDriver: chrome on WINDOWS (97c5e8023ae56903de011cd3f4439b36)] -> xpath: //input[@placeholder='Post Code']]]]>
            </line>
            <line>
              <![CDATA[Click on Add Customer Button [[ChromeDriver: chrome on WINDOWS (97c5e8023ae56903de011cd3f4439b36)] -> xpath: //button[@class='btn btn-default']]]]>
            </line>
            <line>
              <![CDATA[The Bank manager options are [[[ChromeDriver: chrome on WINDOWS (97c5e8023ae56903de011cd3f4439b36)] -> xpath: //div[@class='center']//button[@class='btn btn-lg tab']], [[ChromeDriver: chrome on WINDOWS (97c5e8023ae56903de011cd3f4439b36)] -> xpath: //div[@class='center']//button[@class='btn btn-lg tab']], [[ChromeDriver: chrome on WINDOWS (97c5e8023ae56903de011cd3f4439b36)] -> xpath: //div[@class='center']//button[@class='btn btn-lg tab']]]]]>
            </line>
            <line>
              <![CDATA[Select Your Name [[ChromeDriver: chrome on WINDOWS (97c5e8023ae56903de011cd3f4439b36)] -> xpath: //select[@id='userSelect']]]]>
            </line>
            <line>
              <![CDATA[Select currency [[[ChromeDriver: chrome on WINDOWS (97c5e8023ae56903de011cd3f4439b36)] -> xpath: //select[@id='currency']//option[@value]], [[ChromeDriver: chrome on WINDOWS (97c5e8023ae56903de011cd3f4439b36)] -> xpath: //select[@id='currency']//option[@value]], [[ChromeDriver: chrome on WINDOWS (97c5e8023ae56903de011cd3f4439b36)] -> xpath: //select[@id='currency']//option[@value]], [[ChromeDriver: chrome on WINDOWS (97c5e8023ae56903de011cd3f4439b36)] -> xpath: //select[@id='currency']//option[@value]]]]]>
            </line>
            <line>
              <![CDATA[Click on Process Button [[ChromeDriver: chrome on WINDOWS (97c5e8023ae56903de011cd3f4439b36)] -> xpath: //button[contains(text(),'Process')]]]]>
            </line>
            <line>
              <![CDATA[Select Your Name [[ChromeDriver: chrome on WINDOWS (97c5e8023ae56903de011cd3f4439b36)] -> xpath: //select[@id='userSelect']]]]>
            </line>
            <line>
              <![CDATA[Click on Customer Login Button [[ChromeDriver: chrome on WINDOWS (97c5e8023ae56903de011cd3f4439b36)] -> xpath: //button[@type='submit']]]]>
            </line>
            <line>
              <![CDATA[The customer options are [[[ChromeDriver: chrome on WINDOWS (97c5e8023ae56903de011cd3f4439b36)] -> xpath: //div[@class='borderM box padT20 ng-scope']/div[3]//button], [[ChromeDriver: chrome on WINDOWS (97c5e8023ae56903de011cd3f4439b36)] -> xpath: //div[@class='borderM box padT20 ng-scope']/div[3]//button], [[ChromeDriver: chrome on WINDOWS (97c5e8023ae56903de011cd3f4439b36)] -> xpath: //div[@class='borderM box padT20 ng-scope']/div[3]//button]]]]>
            </line>
            <line>
              <![CDATA[Send text to deposit field and click deposit button ]]>
            </line>
            <line>
              <![CDATA[The deposit amount is [[ChromeDriver: chrome on WINDOWS (97c5e8023ae56903de011cd3f4439b36)] -> xpath: //input[@placeholder='amount']]]]>
            </line>
            <line>
              <![CDATA[Click on Deposit Button [[ChromeDriver: chrome on WINDOWS (97c5e8023ae56903de011cd3f4439b36)] -> xpath: //button[@type='submit']]]]>
            </line>
            <line>
              <![CDATA[Click on Home Button [[ChromeDriver: chrome on WINDOWS (97c5e8023ae56903de011cd3f4439b36)] -> xpath: //button[contains(text(),'Home')]]]]>
            </line>
            <line>
              <![CDATA[Click on login button[[ChromeDriver: chrome on WINDOWS (97c5e8023ae56903de011cd3f4439b36)] -> xpath: //button[contains(text(),'Customer Login')]]]]>
            </line>
            <line>
              <![CDATA[Select Your Name [[ChromeDriver: chrome on WINDOWS (97c5e8023ae56903de011cd3f4439b36)] -> xpath: //select[@id='userSelect']]]]>
            </line>
            <line>
              <![CDATA[Click on login button[[ChromeDriver: chrome on WINDOWS (97c5e8023ae56903de011cd3f4439b36)] -> xpath: //button[@class='btn btn-default']]]]>
            </line>
            <line>
              <![CDATA[Click on Deposit Button [[ChromeDriver: chrome on WINDOWS (97c5e8023ae56903de011cd3f4439b36)] -> xpath: (//button[@class='btn btn-lg tab'])[3]]]]>
            </line>
            <line>
              <![CDATA[Send text to withdrawl field [[ChromeDriver: chrome on WINDOWS (97c5e8023ae56903de011cd3f4439b36)] -> xpath: //input[@type='number']]]]>
            </line>
            <line>
              <![CDATA[Click on Deposit Button [[ChromeDriver: chrome on WINDOWS (97c5e8023ae56903de011cd3f4439b36)] -> xpath: //button[@type='submit']]]]>
            </line>
            <line>
              <![CDATA[Transaction successful message [[ChromeDriver: chrome on WINDOWS (97c5e8023ae56903de011cd3f4439b36)] -> xpath: //div[@class='ng-scope']/span[@ng-show='message']]]]>
            </line>
            <line>
              <![CDATA[Click to see screenshot]]>
            </line>
            <line>
              <![CDATA[<a target = "_blank" href=C:\Users\nik_7\IdeaProjects\project5-xyzbank-pagefactory-nauman/test-output/html/customerShouldWithdrawMoneySuccessfullyTue_Dec_13_21_42_09_GMT_2022.jpg>Screenshot</a>]]>
            </line>
            <line>
              <![CDATA[<br>]]>
            </line>
            <line>
              <![CDATA[<br>]]>
            </line>
            <line>
              <![CDATA[<a target = "_blank" href=C:\Users\nik_7\IdeaProjects\project5-xyzbank-pagefactory-nauman/test-output/html/customerShouldWithdrawMoneySuccessfullyTue_Dec_13_21_42_09_GMT_2022.jpg><img src=C:\Users\nik_7\IdeaProjects\project5-xyzbank-pagefactory-nauman/test-output/html/customerShouldWithdrawMoneySuccessfullyTue_Dec_13_21_42_09_GMT_2022.jpg height=200 width=200></img></a>]]>
            </line>
          </reporter-output>
        </test-method> <!-- customerShouldWithdrawMoneySuccessfully -->
        <test-method status="PASS" signature="tearDown()[pri:0, instance:com.bank.testsuite.BankTest@149494d8]" name="tearDown" is-config="true" duration-ms="613" started-at="2022-12-13T21:42:09 GMT" finished-at="2022-12-13T21:42:09 GMT">
          <reporter-output>
          </reporter-output>
        </test-method> <!-- tearDown -->
      </class> <!-- com.bank.testsuite.BankTest -->
    </test> <!-- Regression Test -->
  </suite> <!-- Regression suite -->
</testng-results>
